<?xml version="1.0" encoding="utf-8"?><testsuites name="pytest tests"><testsuite name="pytest" errors="0" failures="0" skipped="0" tests="59" time="51.470" timestamp="2026-05-29T17:49:28.876444+00:00" hostname="agent-env-0cd11ef4-ed6e-4752-9735-41b963e273a4"><testcase classname="backend.tests.test_phase2" name="test_stations_count_and_countries" time="0.204" /><testcase classname="backend.tests.test_phase2" name="test_stations_search_istanbul" time="8.541" /><testcase classname="backend.tests.test_phase2" name="test_stations_search_tallinn" time="8.377" /><testcase classname="backend.tests.test_phase2" name="test_no_gr_returns_4_results" time="0.066" /><testcase classname="backend.tests.test_phase2" name="test_ankara_manchester_search" time="0.055" /><testcase classname="backend.tests.test_phase2" name="test_journey_detail_provider_links" time="0.048" /><testcase classname="backend.tests.test_phase2" name="test_provider_country_mapping_ankara_manchester" time="0.103" /><testcase classname="backend.tests.test_phase2" name="test_manifest_still_ok" time="0.134" /><testcase classname="backend.tests.test_phase3_affiliate" name="test_affiliate_click_returns_decorated_url_and_id" time="0.132" /><testcase classname="backend.tests.test_phase3_affiliate" name="test_affiliate_click_appends_with_ampersand_when_query_exists" time="0.056" /><testcase classname="backend.tests.test_phase3_affiliate" name="test_affiliate_click_works_with_token" time="0.380" /><testcase classname="backend.tests.test_phase3_affiliate" name="test_affiliate_stats_requires_auth" time="0.059" /><testcase classname="backend.tests.test_phase3_affiliate" name="test_affiliate_stats_shape_and_aggregation" time="0.448" /><testcase classname="backend.tests.test_phase3_affiliate" name="test_login_still_works" time="0.275" /><testcase classname="backend.tests.test_phase3_affiliate" name="test_journey_search_still_works" time="0.062" /><testcase classname="backend.tests.test_phase4_stations_ics_pkpass.TestStationsDB" name="test_count" time="0.176" /><testcase classname="backend.tests.test_phase4_stations_ics_pkpass.TestStationsDB" name="test_search_hattenheim_small_german_station" time="8.405" /><testcase classname="backend.tests.test_phase4_stations_ics_pkpass.TestStationsDB" name="test_search_carcassonne" time="8.374" /><testcase classname="backend.tests.test_phase4_stations_ics_pkpass.TestStationsDB" name="test_search_berlin_seed_precedence" time="0.090" /><testcase classname="backend.tests.test_phase4_stations_ics_pkpass.TestJourneySearchAndFunnel" name="test_seed_to_seed_journey_stavanger_athina" time="0.069" /><testcase classname="backend.tests.test_phase4_stations_ics_pkpass.TestJourneySearchAndFunnel" name="test_seed_to_trainline_journey" time="0.058" /><testcase classname="backend.tests.test_phase4_stations_ics_pkpass.TestJourneySearchAndFunnel" name="test_funnel_searches_increments" time="1.382" /><testcase classname="backend.tests.test_phase4_stations_ics_pkpass.TestJourneySearchAndFunnel" name="test_cart_events_increment" time="0.733" /><testcase classname="backend.tests.test_phase4_stations_ics_pkpass.TestAffiliateStatsFunnel" name="test_stats_shape" time="0.048" /><testcase classname="backend.tests.test_phase4_stations_ics_pkpass.TestTicketExports" name="test_pdf_with_query_token" time="0.125" /><testcase classname="backend.tests.test_phase4_stations_ics_pkpass.TestTicketExports" name="test_ics_with_query_token" time="0.107" /><testcase classname="backend.tests.test_phase4_stations_ics_pkpass.TestTicketExports" name="test_ics_requires_token" time="0.107" /><testcase classname="backend.tests.test_phase4_stations_ics_pkpass.TestTicketExports" name="test_pkpass_with_query_token" time="0.115" /><testcase classname="backend.tests.test_phase5_affiliate_push.TestPushPublicKey" name="test_public_key_no_auth" time="0.118" /><testcase classname="backend.tests.test_phase5_affiliate_push.TestAffiliateConfig" name="test_get_config_lists_25_providers" time="0.400" /><testcase classname="backend.tests.test_phase5_affiliate_push.TestAffiliateConfig" name="test_save_and_persist_affiliate_id" time="0.106" /><testcase classname="backend.tests.test_phase5_affiliate_push.TestAffiliateConfig" name="test_save_unknown_provider_400" time="0.047" /><testcase classname="backend.tests.test_phase5_affiliate_push.TestProviderURLDecoration" name="test_db_ice_url_contains_aid" time="0.155" /><testcase classname="backend.tests.test_phase5_affiliate_push.TestPushFlow" name="test_subscribe_persists" time="0.052" /><testcase classname="backend.tests.test_phase5_affiliate_push.TestPushFlow" name="test_push_test_returns_sent_count" time="0.054" /><testcase classname="backend.tests.test_phase5_affiliate_push.TestPushFlow" name="test_notify_delays" time="0.048" /><testcase classname="backend.tests.test_phase5_affiliate_push.TestPushFlow" name="test_unsubscribe" time="0.049" /><testcase classname="backend.tests.test_phase5_affiliate_push.TestServiceWorker" name="test_sw_js_served_with_push_handlers" time="0.124" /><testcase classname="backend.tests.test_phase5_affiliate_push.TestRegression" name="test_stations_search_alive" time="0.077" /><testcase classname="backend.tests.test_phase5_affiliate_push.TestRegression" name="test_stations_count_51k" time="0.077" /><testcase classname="backend.tests.test_trainconnect" name="test_root" time="0.146" /><testcase classname="backend.tests.test_trainconnect" name="test_popular_routes" time="0.053" /><testcase classname="backend.tests.test_trainconnect" name="test_stations_all" time="0.054" /><testcase classname="backend.tests.test_trainconnect" name="test_stations_search_berlin" time="0.072" /><testcase classname="backend.tests.test_trainconnect" name="test_station_departures_stavanger" time="8.330" /><testcase classname="backend.tests.test_trainconnect" name="test_register_and_login" time="0.651" /><testcase classname="backend.tests.test_trainconnect" name="test_auth_me" time="0.378" /><testcase classname="backend.tests.test_trainconnect" name="test_auth_me_unauthorized" time="0.050" /><testcase classname="backend.tests.test_trainconnect" name="test_journeys_search_returns_4_results" time="0.065" /><testcase classname="backend.tests.test_trainconnect" name="test_journeys_search_multileg_corridor" time="0.000" /><testcase classname="backend.tests.test_trainconnect" name="test_journey_detail" time="0.055" /><testcase classname="backend.tests.test_trainconnect" name="test_journey_live" time="0.050" /><testcase classname="backend.tests.test_trainconnect" name="test_cart_created" time="0.057" /><testcase classname="backend.tests.test_trainconnect" name="test_cart_fetch" time="0.049" /><testcase classname="backend.tests.test_trainconnect" name="test_checkout_session_url" time="0.545" /><testcase classname="backend.tests.test_trainconnect" name="test_checkout_status" time="0.380" /><testcase classname="backend.tests.test_trainconnect" name="test_tickets_list_empty" time="0.055" /><testcase classname="backend.tests.test_trainconnect" name="test_manifest_reachable" time="0.161" /><testcase classname="backend.tests.test_trainconnect" name="test_sw_reachable" time="0.108" /></testsuite></testsuites>