<?xml version="1.0" encoding="utf-8"?><testsuites name="pytest tests"><testsuite name="pytest" errors="0" failures="1" skipped="0" tests="47" time="49.466" timestamp="2026-05-29T17:24:29.714255+00:00" hostname="agent-env-0cd11ef4-ed6e-4752-9735-41b963e273a4"><testcase classname="backend.tests.test_phase2" name="test_stations_count_and_countries" time="0.145" /><testcase classname="backend.tests.test_phase2" name="test_stations_search_istanbul" time="8.376" /><testcase classname="backend.tests.test_phase2" name="test_stations_search_tallinn" time="8.475" /><testcase classname="backend.tests.test_phase2" name="test_no_gr_returns_4_results" time="0.067" /><testcase classname="backend.tests.test_phase2" name="test_ankara_manchester_search" time="0.054" /><testcase classname="backend.tests.test_phase2" name="test_journey_detail_provider_links" time="0.056" /><testcase classname="backend.tests.test_phase2" name="test_provider_country_mapping_ankara_manchester" time="0.111" /><testcase classname="backend.tests.test_phase2" name="test_manifest_still_ok" time="0.163" /><testcase classname="backend.tests.test_phase3_affiliate" name="test_affiliate_click_returns_decorated_url_and_id" time="0.105" /><testcase classname="backend.tests.test_phase3_affiliate" name="test_affiliate_click_appends_with_ampersand_when_query_exists" time="0.047" /><testcase classname="backend.tests.test_phase3_affiliate" name="test_affiliate_click_works_with_token" time="0.316" /><testcase classname="backend.tests.test_phase3_affiliate" name="test_affiliate_stats_requires_auth" time="0.131" /><testcase classname="backend.tests.test_phase3_affiliate" name="test_affiliate_stats_shape_and_aggregation" time="0.185" /><testcase classname="backend.tests.test_phase3_affiliate" name="test_login_still_works" time="0.273" /><testcase classname="backend.tests.test_phase3_affiliate" name="test_journey_search_still_works" time="0.058" /><testcase classname="backend.tests.test_phase4_stations_ics_pkpass.TestStationsDB" name="test_count" time="0.145" /><testcase classname="backend.tests.test_phase4_stations_ics_pkpass.TestStationsDB" name="test_search_hattenheim_small_german_station" time="8.362" /><testcase classname="backend.tests.test_phase4_stations_ics_pkpass.TestStationsDB" name="test_search_carcassonne" time="8.378" /><testcase classname="backend.tests.test_phase4_stations_ics_pkpass.TestStationsDB" name="test_search_berlin_seed_precedence" time="0.081" /><testcase classname="backend.tests.test_phase4_stations_ics_pkpass.TestJourneySearchAndFunnel" name="test_seed_to_seed_journey_stavanger_athina" time="0.065" /><testcase classname="backend.tests.test_phase4_stations_ics_pkpass.TestJourneySearchAndFunnel" name="test_seed_to_trainline_journey" time="0.053" /><testcase classname="backend.tests.test_phase4_stations_ics_pkpass.TestJourneySearchAndFunnel" name="test_funnel_searches_increments" time="1.330" /><testcase classname="backend.tests.test_phase4_stations_ics_pkpass.TestJourneySearchAndFunnel" name="test_cart_events_increment" time="0.730" /><testcase classname="backend.tests.test_phase4_stations_ics_pkpass.TestAffiliateStatsFunnel" name="test_stats_shape" time="0.049" /><testcase classname="backend.tests.test_phase4_stations_ics_pkpass.TestTicketExports" name="test_pdf_with_query_token" time="0.120"><failure message="AssertionError: Internal Server Error&#10;assert 500 == 200&#10; +  where 500 = &lt;Response [500]&gt;.status_code">E   AssertionError: Internal Server Error
    assert 500 == 200
     +  where 500 = &lt;Response [500]&gt;.status_code</failure></testcase><testcase classname="backend.tests.test_phase4_stations_ics_pkpass.TestTicketExports" name="test_ics_with_query_token" time="0.121" /><testcase classname="backend.tests.test_phase4_stations_ics_pkpass.TestTicketExports" name="test_ics_requires_token" time="0.122" /><testcase classname="backend.tests.test_phase4_stations_ics_pkpass.TestTicketExports" name="test_pkpass_with_query_token" time="0.111" /><testcase classname="backend.tests.test_trainconnect" name="test_root" time="0.133" /><testcase classname="backend.tests.test_trainconnect" name="test_popular_routes" time="0.054" /><testcase classname="backend.tests.test_trainconnect" name="test_stations_all" time="0.053" /><testcase classname="backend.tests.test_trainconnect" name="test_stations_search_berlin" time="0.088" /><testcase classname="backend.tests.test_trainconnect" name="test_station_departures_stavanger" time="8.321" /><testcase classname="backend.tests.test_trainconnect" name="test_register_and_login" time="0.550" /><testcase classname="backend.tests.test_trainconnect" name="test_auth_me" time="0.367" /><testcase classname="backend.tests.test_trainconnect" name="test_auth_me_unauthorized" time="0.049" /><testcase classname="backend.tests.test_trainconnect" name="test_journeys_search_returns_4_results" time="0.061" /><testcase classname="backend.tests.test_trainconnect" name="test_journeys_search_multileg_corridor" time="0.000" /><testcase classname="backend.tests.test_trainconnect" name="test_journey_detail" time="0.051" /><testcase classname="backend.tests.test_trainconnect" name="test_journey_live" time="0.053" /><testcase classname="backend.tests.test_trainconnect" name="test_cart_created" time="0.054" /><testcase classname="backend.tests.test_trainconnect" name="test_cart_fetch" time="0.053" /><testcase classname="backend.tests.test_trainconnect" name="test_checkout_session_url" time="0.549" /><testcase classname="backend.tests.test_trainconnect" name="test_checkout_status" time="0.251" /><testcase classname="backend.tests.test_trainconnect" name="test_tickets_list_empty" time="0.054" /><testcase classname="backend.tests.test_trainconnect" name="test_manifest_reachable" time="0.194" /><testcase classname="backend.tests.test_trainconnect" name="test_sw_reachable" time="0.130" /></testsuite></testsuites>