<?xml version="1.0" encoding="utf-8"?><testsuites name="pytest tests"><testsuite name="pytest" errors="0" failures="0" skipped="0" tests="11" time="2.084" timestamp="2026-05-30T09:25:12.665675+00:00" hostname="agent-env-0cd11ef4-ed6e-4752-9735-41b963e273a4"><testcase classname="backend.tests.test_iteration8_price_alerts.TestPriceAlerts" name="test_create_price_alert" time="0.537" /><testcase classname="backend.tests.test_iteration8_price_alerts.TestPriceAlerts" name="test_create_is_idempotent_replace_in_place" time="0.146" /><testcase classname="backend.tests.test_iteration8_price_alerts.TestPriceAlerts" name="test_list_alerts_returns_current_user" time="0.046" /><testcase classname="backend.tests.test_iteration8_price_alerts.TestPriceAlerts" name="test_check_endpoint" time="0.049" /><testcase classname="backend.tests.test_iteration8_price_alerts.TestPriceAlerts" name="test_delete_alert" time="0.140" /><testcase classname="backend.tests.test_iteration8_price_alerts.TestPriceAlerts" name="test_unauth_listing_blocked" time="0.102" /><testcase classname="backend.tests.test_iteration8_price_alerts.TestPriceAlerts" name="test_delete_other_users_alert_404" time="0.047" /><testcase classname="backend.tests.test_iteration8_price_alerts.TestBookingFlow" name="test_full_booking_flow" time="0.739" /><testcase classname="backend.tests.test_iteration8_price_alerts.TestRegression" name="test_recommendations_limit_4" time="0.062" /><testcase classname="backend.tests.test_iteration8_price_alerts.TestRegression" name="test_popular_routes" time="0.051" /><testcase classname="backend.tests.test_iteration8_price_alerts.TestRegression" name="test_stations_search_berlin" time="0.076" /></testsuite></testsuites>