<?xml version="1.0" encoding="utf-8"?><testsuites name="pytest tests"><testsuite name="pytest" errors="0" failures="0" skipped="0" tests="10" time="2.365" timestamp="2026-05-30T09:08:37.682060+00:00" hostname="agent-env-0cd11ef4-ed6e-4752-9735-41b963e273a4"><testcase classname="backend.tests.test_iteration7_regression" name="test_recommendations_limit_4_returns_200" time="0.233" /><testcase classname="backend.tests.test_iteration7_regression" name="test_recommendations_limit_8_returns_200" time="0.121" /><testcase classname="backend.tests.test_iteration7_regression" name="test_api_root_responds_under_2s" time="0.149" /><testcase classname="backend.tests.test_iteration7_regression" name="test_zip_download_serves_application_zip" time="0.204" /><testcase classname="backend.tests.test_iteration7_regression" name="test_popular_routes_200" time="0.101" /><testcase classname="backend.tests.test_iteration7_regression" name="test_stations_search_berlin" time="0.137" /><testcase classname="backend.tests.test_iteration7_regression" name="test_journeys_search_berlin_munich" time="0.102" /><testcase classname="backend.tests.test_iteration7_regression" name="test_auth_login_demo_user" time="0.364" /><testcase classname="backend.tests.test_iteration7_regression" name="test_affiliate_stats_requires_auth" time="0.448" /><testcase classname="backend.tests.test_iteration7_regression" name="test_affiliate_config_authed" time="0.433" /></testsuite></testsuites>