<?xml version="1.0" encoding="utf-8"?><testsuites name="pytest tests"><testsuite name="pytest" errors="0" failures="0" skipped="0" tests="47" time="50.085" timestamp="2026-05-29T17:31:14.844988+00:00" hostname="agent-env-0cd11ef4-ed6e-4752-9735-41b963e273a4"><testcase classname="backend.tests.test_phase2" name="test_stations_count_and_countries" time="0.287" /><testcase classname="backend.tests.test_phase2" name="test_stations_search_istanbul" time="8.539" /><testcase classname="backend.tests.test_phase2" name="test_stations_search_tallinn" time="8.380" /><testcase classname="backend.tests.test_phase2" name="test_no_gr_returns_4_results" time="0.069" /><testcase classname="backend.tests.test_phase2" name="test_ankara_manchester_search" time="0.053" /><testcase classname="backend.tests.test_phase2" name="test_journey_detail_provider_links" time="0.056" /><testcase classname="backend.tests.test_phase2" name="test_provider_country_mapping_ankara_manchester" time="0.104" /><testcase classname="backend.tests.test_phase2" name="test_manifest_still_ok" time="0.165" /><testcase classname="backend.tests.test_phase3_affiliate" name="test_affiliate_click_returns_decorated_url_and_id" time="0.159" /><testcase classname="backend.tests.test_phase3_affiliate" name="test_affiliate_click_appends_with_ampersand_when_query_exists" time="0.056" /><testcase classname="backend.tests.test_phase3_affiliate" name="test_affiliate_click_works_with_token" time="0.338" /><testcase classname="backend.tests.test_phase3_affiliate" name="test_affiliate_stats_requires_auth" time="0.055" /><testcase classname="backend.tests.test_phase3_affiliate" name="test_affiliate_stats_shape_and_aggregation" time="0.237" /><testcase classname="backend.tests.test_phase3_affiliate" name="test_login_still_works" time="0.284" /><testcase classname="backend.tests.test_phase3_affiliate" name="test_journey_search_still_works" time="0.073" /><testcase classname="backend.tests.test_phase4_stations_ics_pkpass.TestStationsDB" name="test_count" time="0.158" /><testcase classname="backend.tests.test_phase4_stations_ics_pkpass.TestStationsDB" name="test_search_hattenheim_small_german_station" time="8.413" /><testcase classname="backend.tests.test_phase4_stations_ics_pkpass.TestStationsDB" name="test_search_carcassonne" time="8.376" /><testcase classname="backend.tests.test_phase4_stations_ics_pkpass.TestStationsDB" name="test_search_berlin_seed_precedence" time="0.073" /><testcase classname="backend.tests.test_phase4_stations_ics_pkpass.TestJourneySearchAndFunnel" name="test_seed_to_seed_journey_stavanger_athina" time="0.062" /><testcase classname="backend.tests.test_phase4_stations_ics_pkpass.TestJourneySearchAndFunnel" name="test_seed_to_trainline_journey" time="0.050" /><testcase classname="backend.tests.test_phase4_stations_ics_pkpass.TestJourneySearchAndFunnel" name="test_funnel_searches_increments" time="1.339" /><testcase classname="backend.tests.test_phase4_stations_ics_pkpass.TestJourneySearchAndFunnel" name="test_cart_events_increment" time="0.734" /><testcase classname="backend.tests.test_phase4_stations_ics_pkpass.TestAffiliateStatsFunnel" name="test_stats_shape" time="0.061" /><testcase classname="backend.tests.test_phase4_stations_ics_pkpass.TestTicketExports" name="test_pdf_with_query_token" time="0.122" /><testcase classname="backend.tests.test_phase4_stations_ics_pkpass.TestTicketExports" name="test_ics_with_query_token" time="0.113" /><testcase classname="backend.tests.test_phase4_stations_ics_pkpass.TestTicketExports" name="test_ics_requires_token" time="0.142" /><testcase classname="backend.tests.test_phase4_stations_ics_pkpass.TestTicketExports" name="test_pkpass_with_query_token" time="0.158" /><testcase classname="backend.tests.test_trainconnect" name="test_root" time="0.143" /><testcase classname="backend.tests.test_trainconnect" name="test_popular_routes" time="0.056" /><testcase classname="backend.tests.test_trainconnect" name="test_stations_all" time="0.054" /><testcase classname="backend.tests.test_trainconnect" name="test_stations_search_berlin" time="0.080" /><testcase classname="backend.tests.test_trainconnect" name="test_station_departures_stavanger" time="8.494" /><testcase classname="backend.tests.test_trainconnect" name="test_register_and_login" time="0.553" /><testcase classname="backend.tests.test_trainconnect" name="test_auth_me" time="0.382" /><testcase classname="backend.tests.test_trainconnect" name="test_auth_me_unauthorized" time="0.050" /><testcase classname="backend.tests.test_trainconnect" name="test_journeys_search_returns_4_results" time="0.063" /><testcase classname="backend.tests.test_trainconnect" name="test_journeys_search_multileg_corridor" time="0.000" /><testcase classname="backend.tests.test_trainconnect" name="test_journey_detail" time="0.054" /><testcase classname="backend.tests.test_trainconnect" name="test_journey_live" time="0.052" /><testcase classname="backend.tests.test_trainconnect" name="test_cart_created" time="0.050" /><testcase classname="backend.tests.test_trainconnect" name="test_cart_fetch" time="0.053" /><testcase classname="backend.tests.test_trainconnect" name="test_checkout_session_url" time="0.598" /><testcase classname="backend.tests.test_trainconnect" name="test_checkout_status" time="0.242" /><testcase classname="backend.tests.test_trainconnect" name="test_tickets_list_empty" time="0.049" /><testcase classname="backend.tests.test_trainconnect" name="test_manifest_reachable" time="0.169" /><testcase classname="backend.tests.test_trainconnect" name="test_sw_reachable" time="0.120" /></testsuite></testsuites>