<?xml version="1.0" encoding="utf-8"?><testsuites name="pytest tests"><testsuite name="pytest" errors="0" failures="0" skipped="0" tests="7" time="1.493" timestamp="2026-05-29T17:04:22.450224+00:00" hostname="agent-env-0cd11ef4-ed6e-4752-9735-41b963e273a4"><testcase classname="backend.tests.test_phase3_affiliate" name="test_affiliate_click_returns_decorated_url_and_id" time="0.337" /><testcase classname="backend.tests.test_phase3_affiliate" name="test_affiliate_click_appends_with_ampersand_when_query_exists" time="0.053" /><testcase classname="backend.tests.test_phase3_affiliate" name="test_affiliate_click_works_with_token" time="0.332" /><testcase classname="backend.tests.test_phase3_affiliate" name="test_affiliate_stats_requires_auth" time="0.052" /><testcase classname="backend.tests.test_phase3_affiliate" name="test_affiliate_stats_shape_and_aggregation" time="0.221" /><testcase classname="backend.tests.test_phase3_affiliate" name="test_login_still_works" time="0.272" /><testcase classname="backend.tests.test_phase3_affiliate" name="test_journey_search_still_works" time="0.064" /></testsuite></testsuites>