<?xml version="1.0" encoding="utf-8"?><testsuites name="pytest tests"><testsuite name="pytest" errors="0" failures="1" skipped="0" tests="13" time="20.249" timestamp="2026-05-29T17:24:00.962443+00:00" hostname="agent-env-0cd11ef4-ed6e-4752-9735-41b963e273a4"><testcase classname="backend.tests.test_phase4_stations_ics_pkpass.TestStationsDB" name="test_count" time="0.233" /><testcase classname="backend.tests.test_phase4_stations_ics_pkpass.TestStationsDB" name="test_search_hattenheim_small_german_station" time="8.465" /><testcase classname="backend.tests.test_phase4_stations_ics_pkpass.TestStationsDB" name="test_search_carcassonne" time="8.374" /><testcase classname="backend.tests.test_phase4_stations_ics_pkpass.TestStationsDB" name="test_search_berlin_seed_precedence" time="0.159" /><testcase classname="backend.tests.test_phase4_stations_ics_pkpass.TestJourneySearchAndFunnel" name="test_seed_to_seed_journey_stavanger_athina" time="0.065" /><testcase classname="backend.tests.test_phase4_stations_ics_pkpass.TestJourneySearchAndFunnel" name="test_seed_to_trainline_journey" time="0.054" /><testcase classname="backend.tests.test_phase4_stations_ics_pkpass.TestJourneySearchAndFunnel" name="test_funnel_searches_increments" time="1.380" /><testcase classname="backend.tests.test_phase4_stations_ics_pkpass.TestJourneySearchAndFunnel" name="test_cart_events_increment" time="0.746" /><testcase classname="backend.tests.test_phase4_stations_ics_pkpass.TestAffiliateStatsFunnel" name="test_stats_shape" time="0.059" /><testcase classname="backend.tests.test_phase4_stations_ics_pkpass.TestTicketExports" name="test_pdf_with_query_token" time="0.170"><failure message="AssertionError: Internal Server Error&#10;assert 500 == 200&#10; +  where 500 = &lt;Response [500]&gt;.status_code">backend/tests/test_phase4_stations_ics_pkpass.py:193: in test_pdf_with_query_token
    assert r.status_code == 200, r.text
E   AssertionError: Internal Server Error
E   assert 500 == 200
E    +  where 500 = &lt;Response [500]&gt;.status_code</failure></testcase><testcase classname="backend.tests.test_phase4_stations_ics_pkpass.TestTicketExports" name="test_ics_with_query_token" time="0.115" /><testcase classname="backend.tests.test_phase4_stations_ics_pkpass.TestTicketExports" name="test_ics_requires_token" time="0.122" /><testcase classname="backend.tests.test_phase4_stations_ics_pkpass.TestTicketExports" name="test_pkpass_with_query_token" time="0.114" /></testsuite></testsuites>