<?xml version="1.0" encoding="utf-8"?><testsuites name="pytest tests"><testsuite name="pytest" errors="0" failures="1" skipped="0" tests="12" time="1.741" timestamp="2026-05-29T17:48:55.781779+00:00" hostname="agent-env-0cd11ef4-ed6e-4752-9735-41b963e273a4"><testcase classname="backend.tests.test_phase5_affiliate_push.TestPushPublicKey" name="test_public_key_no_auth" time="0.321" /><testcase classname="backend.tests.test_phase5_affiliate_push.TestAffiliateConfig" name="test_get_config_lists_25_providers" time="0.429" /><testcase classname="backend.tests.test_phase5_affiliate_push.TestAffiliateConfig" name="test_save_and_persist_affiliate_id" time="0.110" /><testcase classname="backend.tests.test_phase5_affiliate_push.TestAffiliateConfig" name="test_save_unknown_provider_400" time="0.054" /><testcase classname="backend.tests.test_phase5_affiliate_push.TestProviderURLDecoration" name="test_db_ice_url_contains_aid" time="0.122"><failure message="KeyError: 0">backend/tests/test_phase5_affiliate_push.py:87: in test_db_ice_url_contains_aid
    jid = journeys[0]["id"]
          ^^^^^^^^^^^
E   KeyError: 0</failure></testcase><testcase classname="backend.tests.test_phase5_affiliate_push.TestPushFlow" name="test_subscribe_persists" time="0.069" /><testcase classname="backend.tests.test_phase5_affiliate_push.TestPushFlow" name="test_push_test_returns_sent_count" time="0.070" /><testcase classname="backend.tests.test_phase5_affiliate_push.TestPushFlow" name="test_notify_delays" time="0.076" /><testcase classname="backend.tests.test_phase5_affiliate_push.TestPushFlow" name="test_unsubscribe" time="0.066" /><testcase classname="backend.tests.test_phase5_affiliate_push.TestServiceWorker" name="test_sw_js_served_with_push_handlers" time="0.148" /><testcase classname="backend.tests.test_phase5_affiliate_push.TestRegression" name="test_stations_search_alive" time="0.091" /><testcase classname="backend.tests.test_phase5_affiliate_push.TestRegression" name="test_stations_count_51k" time="0.084" /></testsuite></testsuites>