<?xml version="1.0" encoding="utf-8"?><testsuites name="pytest tests"><testsuite name="pytest" errors="0" failures="0" skipped="0" tests="27" time="37.194" timestamp="2026-05-29T16:42:21.183675+00:00" hostname="agent-env-0cd11ef4-ed6e-4752-9735-41b963e273a4"><testcase classname="backend.tests.test_phase2" name="test_stations_count_and_countries" time="0.315" /><testcase classname="backend.tests.test_phase2" name="test_stations_search_istanbul" time="8.539" /><testcase classname="backend.tests.test_phase2" name="test_stations_search_tallinn" time="8.343" /><testcase classname="backend.tests.test_phase2" name="test_no_gr_returns_4_results" time="0.065" /><testcase classname="backend.tests.test_phase2" name="test_ankara_manchester_search" time="0.052" /><testcase classname="backend.tests.test_phase2" name="test_journey_detail_provider_links" time="0.052" /><testcase classname="backend.tests.test_phase2" name="test_provider_country_mapping_ankara_manchester" time="0.103" /><testcase classname="backend.tests.test_phase2" name="test_manifest_still_ok" time="0.184" /><testcase classname="backend.tests.test_trainconnect" name="test_root" time="0.110" /><testcase classname="backend.tests.test_trainconnect" name="test_popular_routes" time="0.049" /><testcase classname="backend.tests.test_trainconnect" name="test_stations_all" time="0.050" /><testcase classname="backend.tests.test_trainconnect" name="test_stations_search_berlin" time="8.338" /><testcase classname="backend.tests.test_trainconnect" name="test_station_departures_stavanger" time="8.335" /><testcase classname="backend.tests.test_trainconnect" name="test_register_and_login" time="0.549" /><testcase classname="backend.tests.test_trainconnect" name="test_auth_me" time="0.371" /><testcase classname="backend.tests.test_trainconnect" name="test_auth_me_unauthorized" time="0.048" /><testcase classname="backend.tests.test_trainconnect" name="test_journeys_search_returns_4_results" time="0.067" /><testcase classname="backend.tests.test_trainconnect" name="test_journeys_search_multileg_corridor" time="0.000" /><testcase classname="backend.tests.test_trainconnect" name="test_journey_detail" time="0.055" /><testcase classname="backend.tests.test_trainconnect" name="test_journey_live" time="0.049" /><testcase classname="backend.tests.test_trainconnect" name="test_cart_created" time="0.051" /><testcase classname="backend.tests.test_trainconnect" name="test_cart_fetch" time="0.052" /><testcase classname="backend.tests.test_trainconnect" name="test_checkout_session_url" time="0.641" /><testcase classname="backend.tests.test_trainconnect" name="test_checkout_status" time="0.292" /><testcase classname="backend.tests.test_trainconnect" name="test_tickets_list_empty" time="0.047" /><testcase classname="backend.tests.test_trainconnect" name="test_manifest_reachable" time="0.223" /><testcase classname="backend.tests.test_trainconnect" name="test_sw_reachable" time="0.141" /></testsuite></testsuites>