<?xml version="1.0" encoding="utf-8"?><testsuites name="pytest tests"><testsuite name="pytest" errors="0" failures="0" skipped="0" tests="34" time="38.210" timestamp="2026-05-29T17:04:28.354121+00:00" hostname="agent-env-0cd11ef4-ed6e-4752-9735-41b963e273a4"><testcase classname="backend.tests.test_phase2" name="test_stations_count_and_countries" time="0.162" /><testcase classname="backend.tests.test_phase2" name="test_stations_search_istanbul" time="8.482" /><testcase classname="backend.tests.test_phase2" name="test_stations_search_tallinn" time="8.338" /><testcase classname="backend.tests.test_phase2" name="test_no_gr_returns_4_results" time="0.067" /><testcase classname="backend.tests.test_phase2" name="test_ankara_manchester_search" time="0.058" /><testcase classname="backend.tests.test_phase2" name="test_journey_detail_provider_links" time="0.049" /><testcase classname="backend.tests.test_phase2" name="test_provider_country_mapping_ankara_manchester" time="0.106" /><testcase classname="backend.tests.test_phase2" name="test_manifest_still_ok" time="0.169" /><testcase classname="backend.tests.test_phase3_affiliate" name="test_affiliate_click_returns_decorated_url_and_id" time="0.141" /><testcase classname="backend.tests.test_phase3_affiliate" name="test_affiliate_click_appends_with_ampersand_when_query_exists" time="0.045" /><testcase classname="backend.tests.test_phase3_affiliate" name="test_affiliate_click_works_with_token" time="0.327" /><testcase classname="backend.tests.test_phase3_affiliate" name="test_affiliate_stats_requires_auth" time="0.046" /><testcase classname="backend.tests.test_phase3_affiliate" name="test_affiliate_stats_shape_and_aggregation" time="0.191" /><testcase classname="backend.tests.test_phase3_affiliate" name="test_login_still_works" time="0.279" /><testcase classname="backend.tests.test_phase3_affiliate" name="test_journey_search_still_works" time="0.066" /><testcase classname="backend.tests.test_trainconnect" name="test_root" time="0.144" /><testcase classname="backend.tests.test_trainconnect" name="test_popular_routes" time="0.059" /><testcase classname="backend.tests.test_trainconnect" name="test_stations_all" time="0.063" /><testcase classname="backend.tests.test_trainconnect" name="test_stations_search_berlin" time="8.353" /><testcase classname="backend.tests.test_trainconnect" name="test_station_departures_stavanger" time="8.342" /><testcase classname="backend.tests.test_trainconnect" name="test_register_and_login" time="0.568" /><testcase classname="backend.tests.test_trainconnect" name="test_auth_me" time="0.401" /><testcase classname="backend.tests.test_trainconnect" name="test_auth_me_unauthorized" time="0.058" /><testcase classname="backend.tests.test_trainconnect" name="test_journeys_search_returns_4_results" time="0.091" /><testcase classname="backend.tests.test_trainconnect" name="test_journeys_search_multileg_corridor" time="0.000" /><testcase classname="backend.tests.test_trainconnect" name="test_journey_detail" time="0.063" /><testcase classname="backend.tests.test_trainconnect" name="test_journey_live" time="0.070" /><testcase classname="backend.tests.test_trainconnect" name="test_cart_created" time="0.065" /><testcase classname="backend.tests.test_trainconnect" name="test_cart_fetch" time="0.058" /><testcase classname="backend.tests.test_trainconnect" name="test_checkout_session_url" time="0.646" /><testcase classname="backend.tests.test_trainconnect" name="test_checkout_status" time="0.241" /><testcase classname="backend.tests.test_trainconnect" name="test_tickets_list_empty" time="0.060" /><testcase classname="backend.tests.test_trainconnect" name="test_manifest_reachable" time="0.212" /><testcase classname="backend.tests.test_trainconnect" name="test_sw_reachable" time="0.109" /></testsuite></testsuites>